12:09:11.029 INFO [GridLauncherV3.parse] - Selenium server version: 3.141.59, revision: e82be7d358
12:09:11.120 INFO [GridLauncherV3.lambda$buildLaunchers$3] - Launching a standalone Selenium Server on port 4444
2019-04-30 12:09:11.166:INFO::main: Logging initialized @400ms to org.seleniumhq.jetty9.util.log.StdErrLog
12:09:11.406 INFO [WebDriverServlet.<init>] - Initialising WebDriverServlet
12:09:12.088 INFO [SeleniumServer.boot] - Selenium Server is up and running on port 4444
12:09:12.776 INFO [ActiveSessionFactory.apply] - Capabilities are: {
  "acceptSslCerts": true,
  "browserName": "firefox",
  "javascriptEnabled": true,
  "name": "Bing Test",
  "nativeEvents": true
}
12:09:12.776 INFO [ActiveSessionFactory.apply] - Capabilities are: {
  "acceptSslCerts": true,
  "browserName": "safari",
  "javascriptEnabled": true,
  "name": "Bing Test",
  "nativeEvents": true
}
12:09:12.776 INFO [ActiveSessionFactory.apply] - Capabilities are: {
  "acceptSslCerts": true,
  "browserName": "chrome",
  "javascriptEnabled": true,
  "name": "Bing Test",
  "nativeEvents": true
}
12:09:12.777 INFO [ActiveSessionFactory.lambda$apply$11] - Matched factory org.openqa.selenium.grid.session.remote.ServicedSession$Factory (provider: org.openqa.selenium.chrome.ChromeDriverService)
12:09:12.777 INFO [ActiveSessionFactory.lambda$apply$11] - Matched factory org.openqa.selenium.grid.session.remote.ServicedSession$Factory (provider: org.openqa.selenium.firefox.GeckoDriverService)
12:09:12.777 INFO [ActiveSessionFactory.lambda$apply$11] - Matched factory org.openqa.selenium.grid.session.remote.ServicedSession$Factory (provider: org.openqa.selenium.safari.SafariDriverService)
Starting ChromeDriver 74.0.3729.6 (255758eccf3d244491b8a1317aa76e1ce10d57e9-refs/branch-heads/3729@{#29}) on port 20611
Only local connections are allowed.
Please protect ports used by ChromeDriver and related test frameworks to prevent access by malicious code.
erver.doStart(Server.java:395)
	at org.seleniumhq.jetty9.util.component.AbstractLifeCycle.start(AbstractLifeCycle.java:68)
	at org.openqa.selenium.grid.server.BaseServer.start(BaseServer.java:202)
	... 6 more
